<?xml version="1.0" encoding="UTF-8"?>
<!-- Generated by org.testng.reporters.JUnitReportReporter -->
<testsuite skipped="0" hostname="DESKTOP-GK61F68" name="com.devops.test.GmailTitleTest" tests="1" failures="0" timestamp="2021-04-26T12:23:17 IST" time="39.036" errors="0">
  <testcase name="test" time="39.036" classname="com.devops.test.GmailTitleTest"/>
  <system-out/>
</testsuite> <!-- com.devops.test.GmailTitleTest -->
